<?xml version="1.0" encoding="UTF-8" standalone="no"?>
<!DOCTYPE log SYSTEM "logger.dtd">
<log>
<record>
  <date>2016-06-03T17:27:03</date>
  <millis>1464967623923</millis>
  <sequence>0</sequence>
  <logger>jMetal</logger>
  <level>INFO</level>
  <class>synthesis.NSGARunner</class>
  <method>main</method>
  <thread>1</thread>
  <message>Total execution time: 67981ms</message>
</record>
<record>
  <date>2016-06-03T17:27:03</date>
  <millis>1464967623951</millis>
  <sequence>1</sequence>
  <logger>jMetal</logger>
  <level>INFO</level>
  <class>synthesis.NSGARunner</class>
  <method>main</method>
  <thread>1</thread>
  <message>Population size: 16</message>
</record>
</log>
